{"name": "PDF", "status": "broken", "statusDetails": {"message": "selenium.common.exceptions.NoSuchWindowException: Message: no such window: target window already closed\nfrom unknown error: web view not found\n  (Session info: chrome=137.0.7151.120)\nStacktrace:\n0   chromedriver                        0x0000000104e7b358 chromedriver + 6136664\n1   chromedriver                        0x0000000104e72aba chromedriver + 6101690\n2   chromedriver                        0x0000000104907380 chromedriver + 418688\n3   chromedriver                        0x00000001048dbaa0 chromedriver + 240288\n4   chromedriver                        0x00000001049878a8 chromedriver + 944296\n5   chromedriver                        0x00000001049a672c chromedriver + 1070892\n6   chromedriver                        0x000000010497efc3 chromedriver + 909251\n7   chromedriver                        0x000000010494b217 chromedriver + 696855\n8   chromedriver                        0x000000010494be81 chromedriver + 700033\n9   chromedriver                        0x0000000104e39220 chromedriver + 5866016\n10  chromedriver                        0x0000000104e3d18f chromedriver + 5882255\n11  chromedriver                        0x0000000104e145c2 chromedriver + 5715394\n12  chromedriver                        0x0000000104e3daef chromedriver + 5884655\n13  chromedriver                        0x0000000104e02d84 chromedriver + 5643652\n14  chromedriver                        0x0000000104e602b8 chromedriver + 6025912\n15  chromedriver                        0x0000000104e60480 chromedriver + 6026368\n16  chromedriver                        0x0000000104e72681 chromedriver + 6100609\n17  libsystem_pthread.dylib             0x00007ff81560fdf1 _pthread_start + 99\n18  libsystem_pthread.dylib             0x00007ff81560b857 thread_start + 15\n\n", "trace": "  File \"/Users/oserlokkina/PyVSCode/sbt-zapp/zapp/.venv/lib/python3.12/site-packages/behave/model.py\", line 1909, in run\n    match.run(runner.context)\n  File \"/Users/oserlokkina/PyVSCode/sbt-zapp/zapp/.venv/lib/python3.12/site-packages/behave/matchers.py\", line 104, in run\n    self.func(context, *args, **kwargs)\n  File \"/Users/oserlokkina/PyVSCode/sbt-zapp/zapp/zapp/features/steps/bundled/ui.py\", line 1471, in save_page_as_pdf\n    context.browser.pdf(file_name)\n  File \"/Users/oserlokkina/PyVSCode/sbt-zapp/zapp/zapp/driver/selenium/factory.py\", line 642, in pdf\n    pdf_data = self.wrapped.driver.execute_cdp_cmd(\n               ^^^^^^^^^^^^^^^^^^^^^^^^^^^^^^^^^^^^\n  File \"/Users/oserlokkina/PyVSCode/sbt-zapp/zapp/.venv/lib/python3.12/site-packages/selenium/webdriver/chromium/webdriver.py\", line 141, in execute_cdp_cmd\n    return self.execute(\"executeCdpCommand\", {\"cmd\": cmd, \"params\": cmd_args})[\"value\"]\n           ^^^^^^^^^^^^^^^^^^^^^^^^^^^^^^^^^^^^^^^^^^^^^^^^^^^^^^^^^^^^^^^^^^^\n  File \"/Users/oserlokkina/PyVSCode/sbt-zapp/zapp/.venv/lib/python3.12/site-packages/selenium/webdriver/remote/webdriver.py\", line 354, in execute\n    self.error_handler.check_response(response)\n  File \"/Users/oserlokkina/PyVSCode/sbt-zapp/zapp/.venv/lib/python3.12/site-packages/selenium/webdriver/remote/errorhandler.py\", line 229, in check_response\n    raise exception_class(message, screen, stacktrace)\n"}, "steps": [{"name": "Given Я перешел на главную страницу", "status": "passed", "start": 1754474079431, "stop": 1754474079536}, {"name": "Then Я сохранил страницу как PDF в файл \"test.pdf\"", "status": "broken", "statusDetails": {"message": "selenium.common.exceptions.NoSuchWindowException: Message: no such window: target window already closed\nfrom unknown error: web view not found\n  (Session info: chrome=137.0.7151.120)\nStacktrace:\n0   chromedriver                        0x0000000104e7b358 chromedriver + 6136664\n1   chromedriver                        0x0000000104e72aba chromedriver + 6101690\n2   chromedriver                        0x0000000104907380 chromedriver + 418688\n3   chromedriver                        0x00000001048dbaa0 chromedriver + 240288\n4   chromedriver                        0x00000001049878a8 chromedriver + 944296\n5   chromedriver                        0x00000001049a672c chromedriver + 1070892\n6   chromedriver                        0x000000010497efc3 chromedriver + 909251\n7   chromedriver                        0x000000010494b217 chromedriver + 696855\n8   chromedriver                        0x000000010494be81 chromedriver + 700033\n9   chromedriver                        0x0000000104e39220 chromedriver + 5866016\n10  chromedriver                        0x0000000104e3d18f chromedriver + 5882255\n11  chromedriver                        0x0000000104e145c2 chromedriver + 5715394\n12  chromedriver                        0x0000000104e3daef chromedriver + 5884655\n13  chromedriver                        0x0000000104e02d84 chromedriver + 5643652\n14  chromedriver                        0x0000000104e602b8 chromedriver + 6025912\n15  chromedriver                        0x0000000104e60480 chromedriver + 6026368\n16  chromedriver                        0x0000000104e72681 chromedriver + 6100609\n17  libsystem_pthread.dylib             0x00007ff81560fdf1 _pthread_start + 99\n18  libsystem_pthread.dylib             0x00007ff81560b857 thread_start + 15\n\n", "trace": "  File \"/Users/oserlokkina/PyVSCode/sbt-zapp/zapp/.venv/lib/python3.12/site-packages/behave/model.py\", line 1909, in run\n    match.run(runner.context)\n  File \"/Users/oserlokkina/PyVSCode/sbt-zapp/zapp/.venv/lib/python3.12/site-packages/behave/matchers.py\", line 104, in run\n    self.func(context, *args, **kwargs)\n  File \"/Users/oserlokkina/PyVSCode/sbt-zapp/zapp/zapp/features/steps/bundled/ui.py\", line 1471, in save_page_as_pdf\n    context.browser.pdf(file_name)\n  File \"/Users/oserlokkina/PyVSCode/sbt-zapp/zapp/zapp/driver/selenium/factory.py\", line 642, in pdf\n    pdf_data = self.wrapped.driver.execute_cdp_cmd(\n               ^^^^^^^^^^^^^^^^^^^^^^^^^^^^^^^^^^^^\n  File \"/Users/oserlokkina/PyVSCode/sbt-zapp/zapp/.venv/lib/python3.12/site-packages/selenium/webdriver/chromium/webdriver.py\", line 141, in execute_cdp_cmd\n    return self.execute(\"executeCdpCommand\", {\"cmd\": cmd, \"params\": cmd_args})[\"value\"]\n           ^^^^^^^^^^^^^^^^^^^^^^^^^^^^^^^^^^^^^^^^^^^^^^^^^^^^^^^^^^^^^^^^^^^\n  File \"/Users/oserlokkina/PyVSCode/sbt-zapp/zapp/.venv/lib/python3.12/site-packages/selenium/webdriver/remote/webdriver.py\", line 354, in execute\n    self.error_handler.check_response(response)\n  File \"/Users/oserlokkina/PyVSCode/sbt-zapp/zapp/.venv/lib/python3.12/site-packages/selenium/webdriver/remote/errorhandler.py\", line 229, in check_response\n    raise exception_class(message, screen, stacktrace)\n"}, "start": 1754474079538, "stop": 1754474079550}], "start": 1754474078262, "stop": 1754474079645, "uuid": "babd2df1-6b73-4402-8b4b-d636c712f32f", "historyId": "aa46561000cd954cb257615138673beb", "fullName": "PDF/Screenshot: PDF", "labels": [{"name": "severity", "value": "normal"}, {"name": "tag", "value": "pdf"}, {"name": "feature", "value": "PDF/Screenshot"}, {"name": "framework", "value": "behave"}, {"name": "language", "value": "cpython3"}]}